  Main.cpp
c:\users\serban\desktop\proiect1\snakeip\snakeip\main.cpp(57): warning C4305: 'initializing': truncation from 'double' to 'float'
c:\users\serban\desktop\proiect1\snakeip\snakeip\main.cpp(125): warning C4305: '-=': truncation from 'double' to 'float'
c:\users\serban\desktop\proiect1\snakeip\snakeip\main.cpp(149): warning C4305: '+=': truncation from 'double' to 'float'
c:\users\serban\desktop\proiect1\snakeip\snakeip\main.cpp(239): warning C4305: '-=': truncation from 'double' to 'float'
c:\users\serban\desktop\proiect1\snakeip\snakeip\main.cpp(263): warning C4305: '+=': truncation from 'double' to 'float'
c:\users\serban\desktop\proiect1\snakeip\snakeip\main.cpp(371): warning C4244: 'argument': conversion from 'int' to 'float', possible loss of data
c:\users\serban\desktop\proiect1\snakeip\snakeip\main.cpp(378): warning C4244: 'argument': conversion from 'int' to 'float', possible loss of data
c:\users\serban\desktop\proiect1\snakeip\snakeip\main.cpp(385): warning C4244: 'argument': conversion from 'int' to 'float', possible loss of data
c:\users\serban\desktop\proiect1\snakeip\snakeip\main.cpp(392): warning C4244: 'argument': conversion from 'int' to 'float', possible loss of data
c:\users\serban\desktop\proiect1\snakeip\snakeip\main.cpp(426): warning C4244: 'argument': conversion from 'int' to 'float', possible loss of data
c:\users\serban\desktop\proiect1\snakeip\snakeip\main.cpp(431): warning C4244: 'argument': conversion from 'int' to 'float', possible loss of data
c:\users\serban\desktop\proiect1\snakeip\snakeip\main.cpp(438): warning C4244: 'argument': conversion from 'int' to 'float', possible loss of data
c:\users\serban\desktop\proiect1\snakeip\snakeip\main.cpp(442): warning C4244: 'argument': conversion from 'int' to 'float', possible loss of data
c:\users\serban\desktop\proiect1\snakeip\snakeip\main.cpp(453): warning C4244: 'argument': conversion from 'int' to 'float', possible loss of data
c:\users\serban\desktop\proiect1\snakeip\snakeip\main.cpp(808): warning C4244: 'argument': conversion from 'time_t' to 'unsigned int', possible loss of data
c:\users\serban\desktop\proiect1\snakeip\snakeip\main.cpp(811): warning C4305: '=': truncation from 'double' to 'float'
c:\users\serban\desktop\proiect1\snakeip\snakeip\main.cpp(916): warning C4244: 'argument': conversion from 'time_t' to 'unsigned int', possible loss of data
c:\users\serban\desktop\proiect1\snakeip\snakeip\main.cpp(919): warning C4305: '=': truncation from 'double' to 'float'
c:\users\serban\desktop\proiect1\snakeip\snakeip\main.cpp(1218): warning C4244: 'argument': conversion from 'time_t' to 'unsigned int', possible loss of data
c:\users\serban\desktop\proiect1\snakeip\snakeip\main.cpp(1221): warning C4305: '=': truncation from 'double' to 'float'
c:\users\serban\desktop\proiect1\snakeip\snakeip\main.cpp(1389): warning C4101: 'selected_menu': unreferenced local variable
c:\users\serban\desktop\proiect1\snakeip\snakeip\main.cpp(1990): warning C4244: 'argument': conversion from 'int' to 'float', possible loss of data
  SnakeIP.vcxproj -> C:\Users\Serban\Desktop\Proiect1\SnakeIP\Debug\SnakeIP.exe
  SnakeIP.vcxproj -> C:\Users\Serban\Desktop\Proiect1\SnakeIP\Debug\SnakeIP.pdb (Full PDB)
